<?xml version="1.0" encoding="UTF-8"?>
<testsuite name="cs3500.pa05.model.CustomIntegerTest" tests="2" skipped="0" failures="0" errors="0" timestamp="2023-06-22T04:36:38" hostname="MacBook-Air-2.local" time="0.002">
  <properties/>
  <testcase name="testGetInteger()" classname="cs3500.pa05.model.CustomIntegerTest" time="0.001"/>
  <testcase name="testIncrement()" classname="cs3500.pa05.model.CustomIntegerTest" time="0.0"/>
  <system-out><![CDATA[]]></system-out>
  <system-err><![CDATA[]]></system-err>
</testsuite>
