<?xml version="1.0" encoding="UTF-8"?>
<testsuite name="cs3500.pa05.model.ArgumentValidatorTest" tests="5" skipped="0" failures="0" errors="0" timestamp="2023-06-22T04:36:38" hostname="MacBook-Air-2.local" time="0.006">
  <properties/>
  <testcase name="testGiveValidLink()" classname="cs3500.pa05.model.ArgumentValidatorTest" time="0.001"/>
  <testcase name="testCheckStringNumber()" classname="cs3500.pa05.model.ArgumentValidatorTest" time="0.001"/>
  <testcase name="testCheckTimeFormatNumberBranch()" classname="cs3500.pa05.model.ArgumentValidatorTest" time="0.001"/>
  <testcase name="testNonEmptyName()" classname="cs3500.pa05.model.ArgumentValidatorTest" time="0.001"/>
  <testcase name="testCheckTimeFormat()" classname="cs3500.pa05.model.ArgumentValidatorTest" time="0.001"/>
  <system-out><![CDATA[]]></system-out>
  <system-err><![CDATA[]]></system-err>
</testsuite>
